{"/home/dth/sync/Personal/www/dthlabs/currency-exchange/src/App.tsx": {"path":"/home/dth/sync/Personal/www/dthlabs/currency-exchange/src/App.tsx","statementMap":{"0":{"start":{"line":16,"column":22},"end":{"line":181,"column":1}},"1":{"start":{"line":17,"column":28},"end":{"line":17,"column":51}},"2":{"start":{"line":18,"column":46},"end":{"line":18,"column":75}},"3":{"start":{"line":19,"column":38},"end":{"line":19,"column":57}},"4":{"start":{"line":20,"column":38},"end":{"line":20,"column":57}},"5":{"start":{"line":21,"column":42},"end":{"line":21,"column":65}},"6":{"start":{"line":22,"column":42},"end":{"line":22,"column":65}},"7":{"start":{"line":24,"column":2},"end":{"line":28,"column":30}},"8":{"start":{"line":25,"column":4},"end":{"line":27,"column":5}},"9":{"start":{"line":26,"column":6},"end":{"line":26,"column":115}},"10":{"start":{"line":31,"column":2},"end":{"line":80,"column":9}},"11":{"start":{"line":33,"column":6},"end":{"line":60,"column":7}},"12":{"start":{"line":34,"column":25},"end":{"line":36,"column":9}},"13":{"start":{"line":38,"column":21},"end":{"line":38,"column":42}},"14":{"start":{"line":40,"column":40},"end":{"line":40,"column":42}},"15":{"start":{"line":42,"column":8},"end":{"line":49,"column":9}},"16":{"start":{"line":43,"column":10},"end":{"line":48,"column":11}},"17":{"start":{"line":44,"column":12},"end":{"line":47,"column":15}},"18":{"start":{"line":51,"column":8},"end":{"line":54,"column":11}},"19":{"start":{"line":56,"column":8},"end":{"line":56,"column":29}},"20":{"start":{"line":57,"column":8},"end":{"line":57,"column":38}},"21":{"start":{"line":59,"column":8},"end":{"line":59,"column":91}},"22":{"start":{"line":63,"column":17},"end":{"line":63,"column":61}},"23":{"start":{"line":64,"column":36},"end":{"line":64,"column":60}},"24":{"start":{"line":67,"column":4},"end":{"line":79,"column":5}},"25":{"start":{"line":68,"column":26},"end":{"line":68,"column":64}},"26":{"start":{"line":69,"column":6},"end":{"line":71,"column":41}},"27":{"start":{"line":78,"column":6},"end":{"line":78,"column":19}},"28":{"start":{"line":82,"column":2},"end":{"line":113,"column":66}},"29":{"start":{"line":84,"column":4},"end":{"line":89,"column":5}},"30":{"start":{"line":85,"column":33},"end":{"line":85,"column":88}},"31":{"start":{"line":85,"column":57},"end":{"line":85,"column":87}},"32":{"start":{"line":86,"column":29},"end":{"line":86,"column":63}},"33":{"start":{"line":87,"column":6},"end":{"line":87,"column":88}},"34":{"start":{"line":88,"column":6},"end":{"line":88,"column":13}},"35":{"start":{"line":92,"column":4},"end":{"line":97,"column":5}},"36":{"start":{"line":93,"column":33},"end":{"line":93,"column":88}},"37":{"start":{"line":93,"column":57},"end":{"line":93,"column":87}},"38":{"start":{"line":94,"column":29},"end":{"line":94,"column":63}},"39":{"start":{"line":95,"column":6},"end":{"line":95,"column":88}},"40":{"start":{"line":96,"column":6},"end":{"line":96,"column":13}},"41":{"start":{"line":100,"column":4},"end":{"line":112,"column":5}},"42":{"start":{"line":101,"column":33},"end":{"line":101,"column":88}},"43":{"start":{"line":101,"column":57},"end":{"line":101,"column":87}},"44":{"start":{"line":102,"column":29},"end":{"line":102,"column":63}},"45":{"start":{"line":103,"column":19},"end":{"line":103,"column":54}},"46":{"start":{"line":105,"column":34},"end":{"line":105,"column":89}},"47":{"start":{"line":105,"column":58},"end":{"line":105,"column":88}},"48":{"start":{"line":106,"column":30},"end":{"line":106,"column":65}},"49":{"start":{"line":107,"column":24},"end":{"line":107,"column":54}},"50":{"start":{"line":109,"column":6},"end":{"line":109,"column":62}},"51":{"start":{"line":111,"column":6},"end":{"line":111,"column":13}},"52":{"start":{"line":116,"column":4},"end":{"line":116,"column":46}},"53":{"start":{"line":120,"column":4},"end":{"line":120,"column":46}},"54":{"start":{"line":124,"column":4},"end":{"line":124,"column":36}},"55":{"start":{"line":128,"column":4},"end":{"line":128,"column":36}},"56":{"start":{"line":132,"column":26},"end":{"line":132,"column":36}},"57":{"start":{"line":133,"column":26},"end":{"line":133,"column":36}},"58":{"start":{"line":134,"column":28},"end":{"line":134,"column":40}},"59":{"start":{"line":135,"column":28},"end":{"line":135,"column":40}},"60":{"start":{"line":137,"column":4},"end":{"line":137,"column":33}},"61":{"start":{"line":138,"column":4},"end":{"line":138,"column":33}},"62":{"start":{"line":139,"column":4},"end":{"line":139,"column":37}},"63":{"start":{"line":140,"column":4},"end":{"line":140,"column":37}},"64":{"start":{"line":144,"column":4},"end":{"line":144,"column":41}},"65":{"start":{"line":147,"column":2},"end":{"line":180,"column":4}}},"fnMap":{"0":{"name":"(anonymous_0)","decl":{"start":{"line":16,"column":22},"end":{"line":16,"column":23}},"loc":{"start":{"line":16,"column":28},"end":{"line":181,"column":1}},"line":16},"1":{"name":"(anonymous_1)","decl":{"start":{"line":24,"column":12},"end":{"line":24,"column":13}},"loc":{"start":{"line":24,"column":18},"end":{"line":28,"column":3}},"line":24},"2":{"name":"(anonymous_2)","decl":{"start":{"line":31,"column":12},"end":{"line":31,"column":13}},"loc":{"start":{"line":31,"column":18},"end":{"line":80,"column":3}},"line":31},"3":{"name":"fetchRates","decl":{"start":{"line":32,"column":19},"end":{"line":32,"column":29}},"loc":{"start":{"line":32,"column":32},"end":{"line":61,"column":5}},"line":32},"4":{"name":"(anonymous_4)","decl":{"start":{"line":82,"column":12},"end":{"line":82,"column":13}},"loc":{"start":{"line":82,"column":18},"end":{"line":113,"column":3}},"line":82},"5":{"name":"(anonymous_5)","decl":{"start":{"line":85,"column":45},"end":{"line":85,"column":46}},"loc":{"start":{"line":85,"column":57},"end":{"line":85,"column":87}},"line":85},"6":{"name":"(anonymous_6)","decl":{"start":{"line":93,"column":45},"end":{"line":93,"column":46}},"loc":{"start":{"line":93,"column":57},"end":{"line":93,"column":87}},"line":93},"7":{"name":"(anonymous_7)","decl":{"start":{"line":101,"column":45},"end":{"line":101,"column":46}},"loc":{"start":{"line":101,"column":57},"end":{"line":101,"column":87}},"line":101},"8":{"name":"(anonymous_8)","decl":{"start":{"line":105,"column":46},"end":{"line":105,"column":47}},"loc":{"start":{"line":105,"column":58},"end":{"line":105,"column":88}},"line":105},"9":{"name":"handleAmountChangeBox1","decl":{"start":{"line":115,"column":11},"end":{"line":115,"column":33}},"loc":{"start":{"line":115,"column":74},"end":{"line":117,"column":3}},"line":115},"10":{"name":"handleAmountChangeBox2","decl":{"start":{"line":119,"column":11},"end":{"line":119,"column":33}},"loc":{"start":{"line":119,"column":74},"end":{"line":121,"column":3}},"line":119},"11":{"name":"handleCurrencyChangeBox1","decl":{"start":{"line":123,"column":11},"end":{"line":123,"column":35}},"loc":{"start":{"line":123,"column":77},"end":{"line":125,"column":3}},"line":123},"12":{"name":"handleCurrencyChangeBox2","decl":{"start":{"line":127,"column":11},"end":{"line":127,"column":35}},"loc":{"start":{"line":127,"column":77},"end":{"line":129,"column":3}},"line":127},"13":{"name":"handleToggleValues","decl":{"start":{"line":131,"column":11},"end":{"line":131,"column":29}},"loc":{"start":{"line":131,"column":32},"end":{"line":141,"column":3}},"line":131},"14":{"name":"roundNumber","decl":{"start":{"line":143,"column":11},"end":{"line":143,"column":22}},"loc":{"start":{"line":143,"column":39},"end":{"line":145,"column":3}},"line":143}},"branchMap":{"0":{"loc":{"start":{"line":25,"column":4},"end":{"line":27,"column":5}},"type":"if","locations":[{"start":{"line":25,"column":4},"end":{"line":27,"column":5}},{"start":{"line":25,"column":4},"end":{"line":27,"column":5}}],"line":25},"1":{"loc":{"start":{"line":43,"column":10},"end":{"line":48,"column":11}},"type":"if","locations":[{"start":{"line":43,"column":10},"end":{"line":48,"column":11}},{"start":{"line":43,"column":10},"end":{"line":48,"column":11}}],"line":43},"2":{"loc":{"start":{"line":64,"column":36},"end":{"line":64,"column":60}},"type":"binary-expr","locations":[{"start":{"line":64,"column":36},"end":{"line":64,"column":40}},{"start":{"line":64,"column":44},"end":{"line":64,"column":60}}],"line":64},"3":{"loc":{"start":{"line":67,"column":4},"end":{"line":79,"column":5}},"type":"if","locations":[{"start":{"line":67,"column":4},"end":{"line":79,"column":5}},{"start":{"line":67,"column":4},"end":{"line":79,"column":5}}],"line":67},"4":{"loc":{"start":{"line":67,"column":8},"end":{"line":67,"column":67}},"type":"binary-expr","locations":[{"start":{"line":67,"column":8},"end":{"line":67,"column":18}},{"start":{"line":67,"column":22},"end":{"line":67,"column":38}},{"start":{"line":67,"column":42},"end":{"line":67,"column":67}}],"line":67},"5":{"loc":{"start":{"line":69,"column":6},"end":{"line":71,"column":40}},"type":"binary-expr","locations":[{"start":{"line":69,"column":6},"end":{"line":69,"column":27}},{"start":{"line":70,"column":11},"end":{"line":70,"column":37}},{"start":{"line":71,"column":11},"end":{"line":71,"column":40}}],"line":69},"6":{"loc":{"start":{"line":84,"column":4},"end":{"line":89,"column":5}},"type":"if","locations":[{"start":{"line":84,"column":4},"end":{"line":89,"column":5}},{"start":{"line":84,"column":4},"end":{"line":89,"column":5}}],"line":84},"7":{"loc":{"start":{"line":84,"column":8},"end":{"line":84,"column":44}},"type":"binary-expr","locations":[{"start":{"line":84,"column":8},"end":{"line":84,"column":18}},{"start":{"line":84,"column":22},"end":{"line":84,"column":44}}],"line":84},"8":{"loc":{"start":{"line":86,"column":29},"end":{"line":86,"column":63}},"type":"binary-expr","locations":[{"start":{"line":86,"column":29},"end":{"line":86,"column":54}},{"start":{"line":86,"column":58},"end":{"line":86,"column":63}}],"line":86},"9":{"loc":{"start":{"line":87,"column":6},"end":{"line":87,"column":87}},"type":"binary-expr","locations":[{"start":{"line":87,"column":6},"end":{"line":87,"column":20}},{"start":{"line":87,"column":24},"end":{"line":87,"column":87}}],"line":87},"10":{"loc":{"start":{"line":92,"column":4},"end":{"line":97,"column":5}},"type":"if","locations":[{"start":{"line":92,"column":4},"end":{"line":97,"column":5}},{"start":{"line":92,"column":4},"end":{"line":97,"column":5}}],"line":92},"11":{"loc":{"start":{"line":92,"column":8},"end":{"line":92,"column":44}},"type":"binary-expr","locations":[{"start":{"line":92,"column":8},"end":{"line":92,"column":18}},{"start":{"line":92,"column":22},"end":{"line":92,"column":44}}],"line":92},"12":{"loc":{"start":{"line":94,"column":29},"end":{"line":94,"column":63}},"type":"binary-expr","locations":[{"start":{"line":94,"column":29},"end":{"line":94,"column":54}},{"start":{"line":94,"column":58},"end":{"line":94,"column":63}}],"line":94},"13":{"loc":{"start":{"line":95,"column":6},"end":{"line":95,"column":87}},"type":"binary-expr","locations":[{"start":{"line":95,"column":6},"end":{"line":95,"column":20}},{"start":{"line":95,"column":24},"end":{"line":95,"column":87}}],"line":95},"14":{"loc":{"start":{"line":100,"column":4},"end":{"line":112,"column":5}},"type":"if","locations":[{"start":{"line":100,"column":4},"end":{"line":112,"column":5}},{"start":{"line":100,"column":4},"end":{"line":112,"column":5}}],"line":100},"15":{"loc":{"start":{"line":100,"column":8},"end":{"line":100,"column":70}},"type":"binary-expr","locations":[{"start":{"line":100,"column":8},"end":{"line":100,"column":18}},{"start":{"line":100,"column":22},"end":{"line":100,"column":44}},{"start":{"line":100,"column":48},"end":{"line":100,"column":70}}],"line":100},"16":{"loc":{"start":{"line":102,"column":29},"end":{"line":102,"column":63}},"type":"binary-expr","locations":[{"start":{"line":102,"column":29},"end":{"line":102,"column":54}},{"start":{"line":102,"column":58},"end":{"line":102,"column":63}}],"line":102},"17":{"loc":{"start":{"line":106,"column":30},"end":{"line":106,"column":65}},"type":"binary-expr","locations":[{"start":{"line":106,"column":30},"end":{"line":106,"column":56}},{"start":{"line":106,"column":60},"end":{"line":106,"column":65}}],"line":106},"18":{"loc":{"start":{"line":109,"column":6},"end":{"line":109,"column":61}},"type":"binary-expr","locations":[{"start":{"line":109,"column":6},"end":{"line":109,"column":20}},{"start":{"line":109,"column":24},"end":{"line":109,"column":61}}],"line":109}},"s":{"0":1,"1":1,"2":1,"3":1,"4":1,"5":1,"6":1,"7":1,"8":1,"9":0,"10":1,"11":1,"12":1,"13":0,"14":0,"15":0,"16":0,"17":0,"18":0,"19":0,"20":0,"21":0,"22":1,"23":1,"24":1,"25":0,"26":0,"27":1,"28":1,"29":1,"30":1,"31":0,"32":1,"33":1,"34":1,"35":0,"36":0,"37":0,"38":0,"39":0,"40":0,"41":0,"42":0,"43":0,"44":0,"45":0,"46":0,"47":0,"48":0,"49":0,"50":0,"51":0,"52":0,"53":0,"54":0,"55":0,"56":0,"57":0,"58":0,"59":0,"60":0,"61":0,"62":0,"63":0,"64":0,"65":1},"f":{"0":1,"1":1,"2":1,"3":1,"4":1,"5":0,"6":0,"7":0,"8":0,"9":0,"10":0,"11":0,"12":0,"13":0,"14":0},"b":{"0":[0,1],"1":[0,0],"2":[1,0],"3":[0,1],"4":[1,0,0],"5":[0,0,0],"6":[1,0],"7":[1,1],"8":[1,1],"9":[1,0],"10":[0,0],"11":[0,0],"12":[0,0],"13":[0,0],"14":[0,0],"15":[0,0,0],"16":[0,0],"17":[0,0],"18":[0,0]},"_coverageSchema":"1a1c01bbd47fc00a2c39e90264f33305004495a9","hash":"36087dff7337ce2492113c07881bed5247ebb19e"}
,"/home/dth/sync/Personal/www/dthlabs/currency-exchange/src/components/CurrencyBox/index.tsx": {"path":"/home/dth/sync/Personal/www/dthlabs/currency-exchange/src/components/CurrencyBox/index.tsx","statementMap":{"0":{"start":{"line":22,"column":38},"end":{"line":53,"column":1}},"1":{"start":{"line":28,"column":6},"end":{"line":28,"column":11}},"2":{"start":{"line":30,"column":27},"end":{"line":30,"column":83}},"3":{"start":{"line":32,"column":2},"end":{"line":52,"column":4}},"4":{"start":{"line":45,"column":12},"end":{"line":47,"column":21}}},"fnMap":{"0":{"name":"(anonymous_0)","decl":{"start":{"line":22,"column":38},"end":{"line":22,"column":39}},"loc":{"start":{"line":22,"column":49},"end":{"line":53,"column":1}},"line":22},"1":{"name":"(anonymous_1)","decl":{"start":{"line":44,"column":36},"end":{"line":44,"column":37}},"loc":{"start":{"line":45,"column":12},"end":{"line":47,"column":21}},"line":45}},"branchMap":{"0":{"loc":{"start":{"line":30,"column":27},"end":{"line":30,"column":83}},"type":"binary-expr","locations":[{"start":{"line":30,"column":27},"end":{"line":30,"column":53}},{"start":{"line":30,"column":57},"end":{"line":30,"column":83}}],"line":30},"1":{"loc":{"start":{"line":44,"column":11},"end":{"line":48,"column":12}},"type":"binary-expr","locations":[{"start":{"line":44,"column":11},"end":{"line":44,"column":19}},{"start":{"line":44,"column":23},"end":{"line":48,"column":12}}],"line":44}},"s":{"0":1,"1":2,"2":2,"3":2,"4":0},"f":{"0":2,"1":0},"b":{"0":[2,1],"1":[2,0]},"_coverageSchema":"1a1c01bbd47fc00a2c39e90264f33305004495a9","hash":"da7ee4111610bf901fcbd911aabfddb7f2caed84"}
,"/home/dth/sync/Personal/www/dthlabs/currency-exchange/src/components/CurrencyBox/styles.tsx": {"path":"/home/dth/sync/Personal/www/dthlabs/currency-exchange/src/components/CurrencyBox/styles.tsx","statementMap":{"0":{"start":{"line":3,"column":25},"end":{"line":11,"column":1}},"1":{"start":{"line":13,"column":22},"end":{"line":23,"column":1}},"2":{"start":{"line":25,"column":21},"end":{"line":31,"column":1}}},"fnMap":{},"branchMap":{},"s":{"0":1,"1":1,"2":1},"f":{},"b":{},"_coverageSchema":"1a1c01bbd47fc00a2c39e90264f33305004495a9","hash":"0f2fa2708da9e12d9fa6a84696fdcf6e141b00da"}
,"/home/dth/sync/Personal/www/dthlabs/currency-exchange/src/components/Navbar/index.tsx": {"path":"/home/dth/sync/Personal/www/dthlabs/currency-exchange/src/components/Navbar/index.tsx","statementMap":{"0":{"start":{"line":4,"column":25},"end":{"line":12,"column":1}},"1":{"start":{"line":5,"column":2},"end":{"line":11,"column":4}}},"fnMap":{"0":{"name":"(anonymous_0)","decl":{"start":{"line":4,"column":25},"end":{"line":4,"column":26}},"loc":{"start":{"line":4,"column":31},"end":{"line":12,"column":1}},"line":4}},"branchMap":{},"s":{"0":1,"1":1},"f":{"0":1},"b":{},"_coverageSchema":"1a1c01bbd47fc00a2c39e90264f33305004495a9","hash":"fb91385851444a39d0d7906a4ec360b845929b2b"}
,"/home/dth/sync/Personal/www/dthlabs/currency-exchange/src/components/Navbar/styles.tsx": {"path":"/home/dth/sync/Personal/www/dthlabs/currency-exchange/src/components/Navbar/styles.tsx","statementMap":{"0":{"start":{"line":3,"column":25},"end":{"line":11,"column":1}},"1":{"start":{"line":12,"column":20},"end":{"line":15,"column":1}}},"fnMap":{},"branchMap":{},"s":{"0":1,"1":1},"f":{},"b":{},"_coverageSchema":"1a1c01bbd47fc00a2c39e90264f33305004495a9","hash":"185ec5c8c5932a70dc018ccf21c88255e104b021"}
}
