TN:
SF:src/App.tsx
FN:16,(anonymous_0)
FN:24,(anonymous_1)
FN:31,(anonymous_2)
FN:32,fetchRates
FN:82,(anonymous_4)
FN:85,(anonymous_5)
FN:93,(anonymous_6)
FN:101,(anonymous_7)
FN:105,(anonymous_8)
FN:115,handleAmountChangeBox1
FN:119,handleAmountChangeBox2
FN:123,handleCurrencyChangeBox1
FN:127,handleCurrencyChangeBox2
FN:131,handleToggleValues
FN:143,roundNumber
FNF:15
FNH:5
FNDA:1,(anonymous_0)
FNDA:1,(anonymous_1)
FNDA:1,(anonymous_2)
FNDA:1,fetchRates
FNDA:1,(anonymous_4)
FNDA:0,(anonymous_5)
FNDA:0,(anonymous_6)
FNDA:0,(anonymous_7)
FNDA:0,(anonymous_8)
FNDA:0,handleAmountChangeBox1
FNDA:0,handleAmountChangeBox2
FNDA:0,handleCurrencyChangeBox1
FNDA:0,handleCurrencyChangeBox2
FNDA:0,handleToggleValues
FNDA:0,roundNumber
DA:16,1
DA:17,1
DA:18,1
DA:19,1
DA:20,1
DA:21,1
DA:22,1
DA:24,1
DA:25,1
DA:26,0
DA:31,1
DA:33,1
DA:34,1
DA:38,0
DA:40,0
DA:42,0
DA:43,0
DA:44,0
DA:51,0
DA:56,0
DA:57,0
DA:59,0
DA:63,1
DA:64,1
DA:67,1
DA:68,0
DA:69,0
DA:78,1
DA:82,1
DA:84,1
DA:85,1
DA:86,1
DA:87,1
DA:88,1
DA:92,0
DA:93,0
DA:94,0
DA:95,0
DA:96,0
DA:100,0
DA:101,0
DA:102,0
DA:103,0
DA:105,0
DA:106,0
DA:107,0
DA:109,0
DA:111,0
DA:116,0
DA:120,0
DA:124,0
DA:128,0
DA:132,0
DA:133,0
DA:134,0
DA:135,0
DA:137,0
DA:138,0
DA:139,0
DA:140,0
DA:144,0
DA:147,1
LF:62
LH:23
BRDA:25,0,0,0
BRDA:25,0,1,1
BRDA:43,1,0,0
BRDA:43,1,1,0
BRDA:64,2,0,1
BRDA:64,2,1,0
BRDA:67,3,0,0
BRDA:67,3,1,1
BRDA:67,4,0,1
BRDA:67,4,1,0
BRDA:67,4,2,0
BRDA:69,5,0,0
BRDA:69,5,1,0
BRDA:69,5,2,0
BRDA:84,6,0,1
BRDA:84,6,1,0
BRDA:84,7,0,1
BRDA:84,7,1,1
BRDA:86,8,0,1
BRDA:86,8,1,1
BRDA:87,9,0,1
BRDA:87,9,1,0
BRDA:92,10,0,0
BRDA:92,10,1,0
BRDA:92,11,0,0
BRDA:92,11,1,0
BRDA:94,12,0,0
BRDA:94,12,1,0
BRDA:95,13,0,0
BRDA:95,13,1,0
BRDA:100,14,0,0
BRDA:100,14,1,0
BRDA:100,15,0,0
BRDA:100,15,1,0
BRDA:100,15,2,0
BRDA:102,16,0,0
BRDA:102,16,1,0
BRDA:106,17,0,0
BRDA:106,17,1,0
BRDA:109,18,0,0
BRDA:109,18,1,0
BRF:41
BRH:10
end_of_record
TN:
SF:src/components/CurrencyBox/index.tsx
FN:22,(anonymous_0)
FN:44,(anonymous_1)
FNF:2
FNH:1
FNDA:2,(anonymous_0)
FNDA:0,(anonymous_1)
DA:22,1
DA:28,2
DA:30,2
DA:32,2
DA:45,0
LF:5
LH:4
BRDA:30,0,0,2
BRDA:30,0,1,1
BRDA:44,1,0,2
BRDA:44,1,1,0
BRF:4
BRH:3
end_of_record
TN:
SF:src/components/CurrencyBox/styles.tsx
FNF:0
FNH:0
DA:3,1
DA:13,1
DA:25,1
LF:3
LH:3
BRF:0
BRH:0
end_of_record
TN:
SF:src/components/Navbar/index.tsx
FN:4,(anonymous_0)
FNF:1
FNH:1
FNDA:1,(anonymous_0)
DA:4,1
DA:5,1
LF:2
LH:2
BRF:0
BRH:0
end_of_record
TN:
SF:src/components/Navbar/styles.tsx
FNF:0
FNH:0
DA:3,1
DA:12,1
LF:2
LH:2
BRF:0
BRH:0
end_of_record
